Unity Editor version:    2022.3.18f1 (d29bea25151d)
Branch:                  2022.3/release
Build type:              Release
Batch mode:              YES
macOS version:           Version 14.4 (Build 23E214)
Darwin version:          23.4.0
Architecture:            arm64
Running under Rosetta:   NO
Available memory:        16384 MB
Using pre-set license
Pro License: YES

COMMAND LINE ARGUMENTS:
/Applications/Unity/Hub/Editor/2022.3.18f1/Unity.app/Contents/MacOS/Unity
-adb2
-batchMode
-noUpm
-name
AssetImportWorker1
-projectPath
/Users/parzival/Desktop/VRClass/FruitMaster/FruitMaster
-logFile
Logs/AssetImportWorker1.log
-srvPort
59664
Successfully changed project path to: /Users/parzival/Desktop/VRClass/FruitMaster/FruitMaster
/Users/parzival/Desktop/VRClass/FruitMaster/FruitMaster
[UnityMemory] Configuration Parameters - Can be set up in boot.config
    "memorysetup-bucket-allocator-granularity=16"
    "memorysetup-bucket-allocator-bucket-count=8"
    "memorysetup-bucket-allocator-block-size=33554432"
    "memorysetup-bucket-allocator-block-count=8"
    "memorysetup-main-allocator-block-size=16777216"
    "memorysetup-thread-allocator-block-size=16777216"
    "memorysetup-gfx-main-allocator-block-size=16777216"
    "memorysetup-gfx-thread-allocator-block-size=16777216"
    "memorysetup-cache-allocator-block-size=4194304"
    "memorysetup-typetree-allocator-block-size=2097152"
    "memorysetup-profiler-bucket-allocator-granularity=16"
    "memorysetup-profiler-bucket-allocator-bucket-count=8"
    "memorysetup-profiler-bucket-allocator-block-size=33554432"
    "memorysetup-profiler-bucket-allocator-block-count=8"
    "memorysetup-profiler-allocator-block-size=16777216"
    "memorysetup-profiler-editor-allocator-block-size=1048576"
    "memorysetup-temp-allocator-size-main=16777216"
    "memorysetup-job-temp-allocator-block-size=2097152"
    "memorysetup-job-temp-allocator-block-size-background=1048576"
    "memorysetup-job-temp-allocator-reduction-small-platforms=262144"
    "memorysetup-allocator-temp-initial-block-size-main=262144"
    "memorysetup-allocator-temp-initial-block-size-worker=262144"
    "memorysetup-temp-allocator-size-background-worker=32768"
    "memorysetup-temp-allocator-size-job-worker=262144"
    "memorysetup-temp-allocator-size-preload-manager=33554432"
    "memorysetup-temp-allocator-size-nav-mesh-worker=65536"
    "memorysetup-temp-allocator-size-audio-worker=65536"
    "memorysetup-temp-allocator-size-cloud-worker=32768"
    "memorysetup-temp-allocator-size-gi-baking-worker=262144"
    "memorysetup-temp-allocator-size-gfx=262144"
Player connection [8196963008] Host "[IP] 10.141.223.135 [Port] 0 [Flags] 2 [Guid] 1502691897 [EditorId] 1502691897 [Version] 1048832 [Id] OSXEditor(0,Zachs-MacBook-Pro-2.local) [Debug] 1 [PackageName] OSXEditor [ProjectName] Editor" joined multi-casting on [225.0.0.222:54997]...

Player connection [8196963008] Host "[IP] 10.141.223.135 [Port] 0 [Flags] 2 [Guid] 1502691897 [EditorId] 1502691897 [Version] 1048832 [Id] OSXEditor(0,Zachs-MacBook-Pro-2.local) [Debug] 1 [PackageName] OSXEditor [ProjectName] Editor" joined alternative multi-casting on [225.0.0.222:34997]...

[Physics::Module] Initialized MultithreadedJobDispatcher with 7 workers.
Refreshing native plugins compatible for Editor in 5.52 ms, found 2 plugins.
Preloading 0 native plugins for Editor in 0.00 ms.
Initialize engine version: 2022.3.18f1 (d29bea25151d)
[Subsystems] Discovering subsystems at path /Applications/Unity/Hub/Editor/2022.3.18f1/Unity.app/Contents/Resources/UnitySubsystems
[Subsystems] Discovering subsystems at path /Users/parzival/Desktop/VRClass/FruitMaster/FruitMaster/Assets
GfxDevice: creating device client; threaded=0; jobified=0
 preferred device: Apple M1 Pro (high power)
Metal devices available: 1
0: Apple M1 Pro (high power)
Using device Apple M1 Pro (high power)
Initializing Metal device caps: Apple M1 Pro
Initialize mono
Mono path[0] = '/Applications/Unity/Hub/Editor/2022.3.18f1/Unity.app/Contents/Managed'
Mono path[1] = '/Applications/Unity/Hub/Editor/2022.3.18f1/Unity.app/Contents/MonoBleedingEdge/lib/mono/unityjit-macos'
Mono config path = '/Applications/Unity/Hub/Editor/2022.3.18f1/Unity.app/Contents/MonoBleedingEdge/etc'
Using monoOptions --debugger-agent=transport=dt_socket,embedding=1,server=y,suspend=n,address=127.0.0.1:56348
Begin MonoManager ReloadAssembly
Registering precompiled unity dll's ...
Register platform support module: /Applications/Unity/Hub/Editor/2022.3.18f1/PlaybackEngines/WebGLSupport/UnityEditor.WebGL.Extensions.dll
Register platform support module: /Applications/Unity/Hub/Editor/2022.3.18f1/Unity.app/Contents/PlaybackEngines/MacStandaloneSupport/UnityEditor.OSXStandalone.Extensions.dll
Register platform support module: /Applications/Unity/Hub/Editor/2022.3.18f1/PlaybackEngines/AndroidPlayer/UnityEditor.Android.Extensions.dll
Registered in 0.001449 seconds.
- Loaded All Assemblies, in  0.218 seconds
Native extension for Android target not found
Android Extension - Scanning For ADB Devices 74 ms
Native extension for OSXStandalone target not found
Native extension for WebGL target not found
Mono: successfully reloaded assembly
- Finished resetting the current domain, in  0.286 seconds
Domain Reload Profiling: 505ms
	BeginReloadAssembly (47ms)
		ExecutionOrderSort (0ms)
		DisableScriptedObjects (0ms)
		BackupInstance (0ms)
		ReleaseScriptingObjects (0ms)
		CreateAndSetChildDomain (0ms)
	RebuildCommonClasses (24ms)
	RebuildNativeTypeToScriptingClass (8ms)
	initialDomainReloadingComplete (32ms)
	LoadAllAssembliesAndSetupDomain (108ms)
		LoadAssemblies (48ms)
		RebuildTransferFunctionScriptingTraits (0ms)
		AnalyzeDomain (106ms)
			TypeCache.Refresh (104ms)
				TypeCache.ScanAssembly (94ms)
			ScanForSourceGeneratedMonoScriptInfo (0ms)
			ResolveRequiredComponents (0ms)
	FinalizeReload (286ms)
		ReleaseScriptCaches (0ms)
		RebuildScriptCaches (0ms)
		SetupLoadedEditorAssemblies (245ms)
			LogAssemblyErrors (0ms)
			InitializePlatformSupportModulesInManaged (151ms)
			SetLoadedEditorAssemblies (3ms)
			RefreshPlugins (0ms)
			BeforeProcessingInitializeOnLoad (1ms)
			ProcessInitializeOnLoadAttributes (64ms)
			ProcessInitializeOnLoadMethodAttributes (27ms)
			AfterProcessingInitializeOnLoad (0ms)
			EditorAssembliesLoaded (0ms)
		ExecutionOrderSort2 (0ms)
		AwakeInstancesAfterBackupRestoration (0ms)
========================================================================
Worker process is ready to serve import requests
Begin MonoManager ReloadAssembly
- Loaded All Assemblies, in  0.402 seconds
Refreshing native plugins compatible for Editor in 1.02 ms, found 2 plugins.
Native extension for Android target not found
Native extension for OSXStandalone target not found
Native extension for WebGL target not found
Package Manager log level set to [2]
[Package Manager] Server::EnsureServerProcessIsRunning -- launch failed, reason: Unity was launched with the -noUpm command-line argument
[Package Manager] UpmClient::Send -- Unable to send message (not connected to UPM process).
[Package Manager] Cannot connect to Unity Package Manager local server
Mono: successfully reloaded assembly
- Finished resetting the current domain, in  0.360 seconds
Domain Reload Profiling: 763ms
	BeginReloadAssembly (80ms)
		ExecutionOrderSort (0ms)
		DisableScriptedObjects (3ms)
		BackupInstance (0ms)
		ReleaseScriptingObjects (0ms)
		CreateAndSetChildDomain (18ms)
	RebuildCommonClasses (23ms)
	RebuildNativeTypeToScriptingClass (8ms)
	initialDomainReloadingComplete (23ms)
	LoadAllAssembliesAndSetupDomain (268ms)
		LoadAssemblies (181ms)
		RebuildTransferFunctionScriptingTraits (0ms)
		AnalyzeDomain (123ms)
			TypeCache.Refresh (113ms)
				TypeCache.ScanAssembly (98ms)
			ScanForSourceGeneratedMonoScriptInfo (7ms)
			ResolveRequiredComponents (3ms)
	FinalizeReload (360ms)
		ReleaseScriptCaches (0ms)
		RebuildScriptCaches (0ms)
		SetupLoadedEditorAssemblies (248ms)
			LogAssemblyErrors (0ms)
			InitializePlatformSupportModulesInManaged (15ms)
			SetLoadedEditorAssemblies (3ms)
			RefreshPlugins (0ms)
			BeforeProcessingInitializeOnLoad (33ms)
			ProcessInitializeOnLoadAttributes (183ms)
			ProcessInitializeOnLoadMethodAttributes (12ms)
			AfterProcessingInitializeOnLoad (2ms)
			EditorAssembliesLoaded (0ms)
		ExecutionOrderSort2 (0ms)
		AwakeInstancesAfterBackupRestoration (2ms)
Launching external process: /Applications/Unity/Hub/Editor/2022.3.18f1/Unity.app/Contents/Tools/UnityShaderCompiler
Launched and connected shader compiler UnityShaderCompiler after 0.03 seconds
Refreshing native plugins compatible for Editor in 1.34 ms, found 2 plugins.
Preloading 0 native plugins for Editor in 0.00 ms.
Unloading 3103 Unused Serialized files (Serialized files now loaded: 0)
Unloading 32 unused Assets / (51.1 KB). Loaded Objects now: 3567.
Memory consumption went from 131.9 MB to 131.9 MB.
Total: 2.428875 ms (FindLiveObjects: 0.115792 ms CreateObjectMapping: 0.070625 ms MarkObjects: 2.167625 ms  DeleteObjects: 0.074041 ms)

AssetImportParameters requested are different than current active one (requested -> active):
  custom:container-demuxer-ogg: 62fdf1f143b41e24485cea50d1cbac27 -> 
  custom:video-decoder-ogg-theora: a1e56fd34408186e4bbccfd4996cb3dc -> 
  custom:CustomObjectIndexerAttribute: 6d391050e5a25f67b0a2c618074f2cd9 -> 
  custom:container-demuxer-webm: 4f35f7cbe854078d1ac9338744f61a02 -> 
  custom:container-muxer-webm: aa71ff27fc2769a1b78a27578f13a17b -> 
  custom:video-decoder-webm-vp8: 9c59270c3fd7afecdb556c50c9e8de78 -> 
  custom:SearchIndexIgnoredProperties: e643bd26f0fe6173181afceb89e7c659 -> 
  custom:AudioImporter_EditorPlatform: 3918e3fc78b5a79bad01e8451be0beb8 -> 
  custom:framework-osx-AVFoundation: e770b220cccbd017edd2c1fefb359320 -> 
  custom:video-encoder-webm-vp8: eb34c28f22e8b96e1ab97ce403110664 -> 
  custom:audio-decoder-ogg-vorbis: bf7c407c2cedff20999df2af8eb42d56 -> 
  custom:audio-encoder-webm-vorbis: bf7c407c2cedff20999df2af8eb42d56 -> 
========================================================================
Received Import Request.
  Time since last request: 119055.180526 seconds.
  path: Assets/AddOns/Blink/Art/Weapons/LowPoly/FreeRPGWeapons/_PREFABS/Shield_Epic.prefab
  artifactKey: Guid(f1a69e37edef17743840974cfc82a6ce) Importer(815301076,1909f56bfc062723c751e8b465ee728b)
Start importing Assets/AddOns/Blink/Art/Weapons/LowPoly/FreeRPGWeapons/_PREFABS/Shield_Epic.prefab using Guid(f1a69e37edef17743840974cfc82a6ce) Importer(815301076,1909f56bfc062723c751e8b465ee728b)  -> (artifact id: 'cfa8bad0d5460df862ada8760c43fc76') in 0.015401 seconds
Number of updated asset objects reloaded before import = 0
Number of asset objects unloaded after import = 6
========================================================================
Received Import Request.
  Time since last request: 0.000112 seconds.
  path: Assets/AddOns/Blink/Art/Weapons/LowPoly/FreeRPGWeapons/_PREFABS/Spear1H_Epic2.prefab
  artifactKey: Guid(70f274e409115304c9c5d3e32258f1bc) Importer(815301076,1909f56bfc062723c751e8b465ee728b)
Start importing Assets/AddOns/Blink/Art/Weapons/LowPoly/FreeRPGWeapons/_PREFABS/Spear1H_Epic2.prefab using Guid(70f274e409115304c9c5d3e32258f1bc) Importer(815301076,1909f56bfc062723c751e8b465ee728b)  -> (artifact id: 'f646ec8818b5d9976128bca1620eb501') in 0.000913 seconds
Number of updated asset objects reloaded before import = 0
Number of asset objects unloaded after import = 6
========================================================================
Received Import Request.
  Time since last request: 0.000058 seconds.
  path: Assets/AddOns/Blink/Art/Weapons/LowPoly/FreeRPGWeapons/_PREFABS/Axe1H_Medium.prefab
  artifactKey: Guid(0e960670a1eb55b44b56f715951db803) Importer(815301076,1909f56bfc062723c751e8b465ee728b)
Start importing Assets/AddOns/Blink/Art/Weapons/LowPoly/FreeRPGWeapons/_PREFABS/Axe1H_Medium.prefab using Guid(0e960670a1eb55b44b56f715951db803) Importer(815301076,1909f56bfc062723c751e8b465ee728b)  -> (artifact id: 'befbc8461c7276193d4724ff44cd2b1f') in 0.449688 seconds
Number of updated asset objects reloaded before import = 0
Number of asset objects unloaded after import = 11
========================================================================
Received Import Request.
  Time since last request: 0.000051 seconds.
  path: Assets/AddOns/Blink/Art/Weapons/LowPoly/FreeRPGWeapons/_PREFABS/Bow_Epic.prefab
  artifactKey: Guid(d0c32318984847e428ac1bce4ea19377) Importer(815301076,1909f56bfc062723c751e8b465ee728b)
Start importing Assets/AddOns/Blink/Art/Weapons/LowPoly/FreeRPGWeapons/_PREFABS/Bow_Epic.prefab using Guid(d0c32318984847e428ac1bce4ea19377) Importer(815301076,1909f56bfc062723c751e8b465ee728b)  -> (artifact id: 'c3c0ebb11a9de4a682614c46d5051db2') in 0.001278 seconds
Number of updated asset objects reloaded before import = 0
Number of asset objects unloaded after import = 6
========================================================================
Received Import Request.
  Time since last request: 0.000187 seconds.
  path: Assets/AddOns/Blink/Art/Weapons/LowPoly/FreeRPGWeapons/_PREFABS/Spear2H_Basic.prefab
  artifactKey: Guid(9cce733bd367fb54a909bcfcc3841d53) Importer(815301076,1909f56bfc062723c751e8b465ee728b)
Start importing Assets/AddOns/Blink/Art/Weapons/LowPoly/FreeRPGWeapons/_PREFABS/Spear2H_Basic.prefab using Guid(9cce733bd367fb54a909bcfcc3841d53) Importer(815301076,1909f56bfc062723c751e8b465ee728b)  -> (artifact id: 'fe6f058800eeb36f3750fd340909738f') in 0.000811 seconds
Number of updated asset objects reloaded before import = 0
Number of asset objects unloaded after import = 6
========================================================================
Received Import Request.
  Time since last request: 0.000084 seconds.
  path: Assets/AddOns/Blink/Art/Weapons/LowPoly/FreeRPGWeapons/_PREFABS/Staff_Basic.prefab
  artifactKey: Guid(0d0ae09fa98635e4e8435fc1a1fc72c7) Importer(815301076,1909f56bfc062723c751e8b465ee728b)
Start importing Assets/AddOns/Blink/Art/Weapons/LowPoly/FreeRPGWeapons/_PREFABS/Staff_Basic.prefab using Guid(0d0ae09fa98635e4e8435fc1a1fc72c7) Importer(815301076,1909f56bfc062723c751e8b465ee728b)  -> (artifact id: '555a6476ba8a64e00b634f775b9744e7') in 0.000974 seconds
Number of updated asset objects reloaded before import = 0
Number of asset objects unloaded after import = 6
========================================================================
Received Import Request.
  Time since last request: 0.000044 seconds.
  path: Assets/AddOns/Blink/Art/Weapons/LowPoly/FreeRPGWeapons/_PREFABS/Wand_Epic.prefab
  artifactKey: Guid(3b4b27421c2a6de4f88b36cc36531976) Importer(815301076,1909f56bfc062723c751e8b465ee728b)
Start importing Assets/AddOns/Blink/Art/Weapons/LowPoly/FreeRPGWeapons/_PREFABS/Wand_Epic.prefab using Guid(3b4b27421c2a6de4f88b36cc36531976) Importer(815301076,1909f56bfc062723c751e8b465ee728b)  -> (artifact id: '94181a33110408ff6291927ded3af8df') in 0.000795 seconds
Number of updated asset objects reloaded before import = 0
Number of asset objects unloaded after import = 6
========================================================================
Received Import Request.
  Time since last request: 0.000075 seconds.
  path: Assets/AddOns/Blink/Art/Weapons/LowPoly/FreeRPGWeapons/_PREFABS/Axe1H_Epic.prefab
  artifactKey: Guid(992bb947a6df6634487686c2fe6330bc) Importer(815301076,1909f56bfc062723c751e8b465ee728b)
Start importing Assets/AddOns/Blink/Art/Weapons/LowPoly/FreeRPGWeapons/_PREFABS/Axe1H_Epic.prefab using Guid(992bb947a6df6634487686c2fe6330bc) Importer(815301076,1909f56bfc062723c751e8b465ee728b)  -> (artifact id: 'c5858c74b1fdd5a1bff184765b06ebc1') in 0.164425 seconds
Number of updated asset objects reloaded before import = 0
Number of asset objects unloaded after import = 12
========================================================================
Received Import Request.
  Time since last request: 0.000207 seconds.
  path: Assets/AddOns/Blink/Art/Weapons/LowPoly/FreeRPGWeapons/_PREFABS/Spear1H_Basic.prefab
  artifactKey: Guid(8f2b838937bf3ce499fe912cc972a648) Importer(815301076,1909f56bfc062723c751e8b465ee728b)
Start importing Assets/AddOns/Blink/Art/Weapons/LowPoly/FreeRPGWeapons/_PREFABS/Spear1H_Basic.prefab using Guid(8f2b838937bf3ce499fe912cc972a648) Importer(815301076,1909f56bfc062723c751e8b465ee728b)  -> (artifact id: '3291cb200a27dfe5afd84d4f9e00dd85') in 0.001148 seconds
Number of updated asset objects reloaded before import = 0
Number of asset objects unloaded after import = 6
========================================================================
Received Import Request.
  Time since last request: 0.000064 seconds.
  path: Assets/AddOns/Blink/Art/Weapons/LowPoly/FreeRPGWeapons/_PREFABS/Mace1H_Medium.prefab
  artifactKey: Guid(478ff0a4533fe6a4da58f78bf1739439) Importer(815301076,1909f56bfc062723c751e8b465ee728b)
Start importing Assets/AddOns/Blink/Art/Weapons/LowPoly/FreeRPGWeapons/_PREFABS/Mace1H_Medium.prefab using Guid(478ff0a4533fe6a4da58f78bf1739439) Importer(815301076,1909f56bfc062723c751e8b465ee728b)  -> (artifact id: 'f2902ad3ed52106b1d6d6341e7c83d5a') in 0.000618 seconds
Number of updated asset objects reloaded before import = 0
Number of asset objects unloaded after import = 6
========================================================================
Received Import Request.
  Time since last request: 0.000079 seconds.
  path: Assets/AddOns/Blink/Art/Weapons/LowPoly/FreeRPGWeapons/_PREFABS/Wand_Basic.prefab
  artifactKey: Guid(8e26553eb7bc8f84e87ad5cbe258d7a2) Importer(815301076,1909f56bfc062723c751e8b465ee728b)
Start importing Assets/AddOns/Blink/Art/Weapons/LowPoly/FreeRPGWeapons/_PREFABS/Wand_Basic.prefab using Guid(8e26553eb7bc8f84e87ad5cbe258d7a2) Importer(815301076,1909f56bfc062723c751e8b465ee728b)  -> (artifact id: '44eb9d1d32ef954ac9d0ceabb0e97b20') in 0.000552 seconds
Number of updated asset objects reloaded before import = 0
Number of asset objects unloaded after import = 6
